\BOOKMARK [1][-]{section.1}{UFO \(Ultimate - Festival - Organizer\)}{}% 1
\BOOKMARK [2][-]{subsection.1.1}{Ausbaustufe 1 \(ADO.NET\)}{section.1}% 2
\BOOKMARK [3][-]{subsubsection.1.1.1}{Systemaufbau}{subsection.1.1}% 3
\BOOKMARK [3][-]{subsubsection.1.1.2}{Datenbank}{subsection.1.1}% 4
\BOOKMARK [3][-]{subsubsection.1.1.3}{Klassenhierarchien}{subsection.1.1}% 5
\BOOKMARK [3][-]{subsubsection.1.1.4}{Hilfsklassen}{subsection.1.1}% 6
\BOOKMARK [3][-]{subsubsection.1.1.5}{Tests}{subsection.1.1}% 7
\BOOKMARK [2][-]{subsection.1.2}{Ausbaustufe 2 \(Commander\)}{section.1}% 8
\BOOKMARK [3][-]{subsubsection.1.2.1}{M\366gliche Probleme}{subsection.1.2}% 9
\BOOKMARK [3][-]{subsubsection.1.2.2}{Klassenhierarchien}{subsection.1.2}% 10
\BOOKMARK [3][-]{subsubsection.1.2.3}{WPF Struktur}{subsection.1.2}% 11
\BOOKMARK [3][-]{subsubsection.1.2.4}{Benutzerdokumentation}{subsection.1.2}% 12
\BOOKMARK [2][-]{subsection.1.3}{Ausbaustufe 3}{section.1}% 13
\BOOKMARK [3][-]{subsubsection.1.3.1}{Konfiguration}{subsection.1.3}% 14
\BOOKMARK [3][-]{subsubsection.1.3.2}{Web-Service-Proxy-Architektur}{subsection.1.3}% 15
\BOOKMARK [3][-]{subsubsection.1.3.3}{Web-Application-Resources}{subsection.1.3}% 16
\BOOKMARK [3][-]{subsubsection.1.3.4}{Performances-Resources}{subsection.1.3}% 17
\BOOKMARK [3][-]{subsubsection.1.3.5}{Multilingualit\344t}{subsection.1.3}% 18
\BOOKMARK [3][-]{subsubsection.1.3.6}{Security}{subsection.1.3}% 19
\BOOKMARK [3][-]{subsubsection.1.3.7}{SOAP-Services}{subsection.1.3}% 20
\BOOKMARK [3][-]{subsubsection.1.3.8}{Web-View}{subsection.1.3}% 21
